2025-12-03 17:36:37.619 [main] INFO  c.ling.TliasWebManagementApplication - Starting TliasWebManagementApplication using Java 23.0.2 with PID 25172 (D:\java_Project\web-ai-project01\tlias-web-management\target\classes started by Lenovo in D:\java_Project\web-ai-project01)
2025-12-03 17:36:37.621 [main] INFO  c.ling.TliasWebManagementApplication - No active profile set, falling back to 1 default profile: "default"
2025-12-03 17:36:38.083 [main] WARN  o.s.b.w.s.c.AnnotationConfigServletWebServerApplicationContext - Exception encountered during context initialization - cancelling refresh attempt: org.springframework.beans.factory.support.BeanDefinitionOverrideException: Invalid bean definition with name 'aliyunOSSOperator' defined in class path resource [com/aliyun/oss/AliyunOSSAutoConfiguration.class]: Cannot register bean definition [Root bean: class=null; scope=; abstract=false; lazyInit=null; autowireMode=3; dependencyCheck=0; autowireCandidate=true; primary=false; fallback=false; factoryBeanName=com.aliyun.oss.AliyunOSSAutoConfiguration; factoryMethodName=aliyunOSSOperator; initMethodNames=null; destroyMethodNames=[(inferred)]; defined in class path resource [com/aliyun/oss/AliyunOSSAutoConfiguration.class]] for bean 'aliyunOSSOperator' since there is already [Generic bean: class=com.ling.utils.AliyunOSSOperator; scope=singleton; abstract=false; lazyInit=null; autowireMode=0; dependencyCheck=0; autowireCandidate=true; primary=false; fallback=false; factoryBeanName=null; factoryMethodName=null; initMethodNames=null; destroyMethodNames=null; defined in file [D:\java_Project\web-ai-project01\tlias-web-management\target\classes\com\ling\utils\AliyunOSSOperator.class]] bound.
2025-12-03 17:36:38.088 [main] INFO  o.s.b.a.l.ConditionEvaluationReportLogger - 

Error starting ApplicationContext. To display the condition evaluation report re-run your application with 'debug' enabled.
2025-12-03 17:36:38.103 [main] ERROR o.s.b.d.LoggingFailureAnalysisReporter - 

***************************
APPLICATION FAILED TO START
***************************

Description:

The bean 'aliyunOSSOperator', defined in class path resource [com/aliyun/oss/AliyunOSSAutoConfiguration.class], could not be registered. A bean with that name has already been defined in file [D:\java_Project\web-ai-project01\tlias-web-management\target\classes\com\ling\utils\AliyunOSSOperator.class] and overriding is disabled.

Action:

Consider renaming one of the beans or enabling overriding by setting spring.main.allow-bean-definition-overriding=true

2025-12-03 17:38:39.885 [main] INFO  c.ling.TliasWebManagementApplication - Starting TliasWebManagementApplication using Java 23.0.2 with PID 25324 (D:\java_Project\web-ai-project01\tlias-web-management\target\classes started by Lenovo in D:\java_Project\web-ai-project01)
2025-12-03 17:38:39.886 [main] INFO  c.ling.TliasWebManagementApplication - No active profile set, falling back to 1 default profile: "default"
2025-12-03 17:38:40.807 [main] INFO  o.s.b.w.e.tomcat.TomcatWebServer - Tomcat initialized with port 8080 (http)
2025-12-03 17:38:40.816 [main] INFO  o.a.coyote.http11.Http11NioProtocol - Initializing ProtocolHandler ["http-nio-8080"]
2025-12-03 17:38:40.817 [main] INFO  o.a.catalina.core.StandardService - Starting service [Tomcat]
2025-12-03 17:38:40.817 [main] INFO  o.a.catalina.core.StandardEngine - Starting Servlet engine: [Apache Tomcat/10.1.49]
2025-12-03 17:38:40.854 [main] INFO  o.a.c.c.C.[Tomcat].[localhost].[/] - Initializing Spring embedded WebApplicationContext
2025-12-03 17:38:40.854 [main] INFO  o.s.b.w.s.c.ServletWebServerApplicationContext - Root WebApplicationContext: initialization completed in 938 ms
2025-12-03 17:38:41.193 [main] INFO  o.s.b.a.w.s.WelcomePageHandlerMapping - Adding welcome page: class path resource [static/index.html]
2025-12-03 17:38:41.546 [main] INFO  o.s.b.a.e.web.EndpointLinksResolver - Exposing 1 endpoint beneath base path '/actuator'
2025-12-03 17:38:41.589 [main] INFO  o.a.coyote.http11.Http11NioProtocol - Starting ProtocolHandler ["http-nio-8080"]
2025-12-03 17:38:41.604 [main] INFO  o.s.b.w.e.tomcat.TomcatWebServer - Tomcat started on port 8080 (http) with context path '/'
2025-12-03 17:38:41.613 [main] INFO  c.ling.TliasWebManagementApplication - Started TliasWebManagementApplication in 1.992 seconds (process running for 2.643)
2025-12-03 17:38:42.224 [RMI TCP Connection(4)-26.233.6.99] INFO  o.a.c.c.C.[Tomcat].[localhost].[/] - Initializing Spring DispatcherServlet 'dispatcherServlet'
2025-12-03 17:38:42.224 [RMI TCP Connection(4)-26.233.6.99] INFO  o.s.web.servlet.DispatcherServlet - Initializing Servlet 'dispatcherServlet'
2025-12-03 17:38:42.225 [RMI TCP Connection(4)-26.233.6.99] INFO  o.s.web.servlet.DispatcherServlet - Completed initialization in 1 ms
2025-12-03 17:38:42.226 [RMI TCP Connection(3)-26.233.6.99] INFO  com.zaxxer.hikari.HikariDataSource - HikariPool-1 - Starting...
2025-12-03 17:38:42.524 [RMI TCP Connection(3)-26.233.6.99] INFO  com.zaxxer.hikari.pool.HikariPool - HikariPool-1 - Added connection com.mysql.cj.jdbc.ConnectionImpl@2413d1ee
2025-12-03 17:38:42.526 [RMI TCP Connection(3)-26.233.6.99] INFO  com.zaxxer.hikari.HikariDataSource - HikariPool-1 - Start completed.
2025-12-03 17:39:05.737 [SpringApplicationShutdownHook] INFO  o.s.b.w.e.tomcat.GracefulShutdown - Commencing graceful shutdown. Waiting for active requests to complete
2025-12-03 17:39:05.743 [tomcat-shutdown] INFO  o.s.b.w.e.tomcat.GracefulShutdown - Graceful shutdown complete
2025-12-03 17:39:05.750 [SpringApplicationShutdownHook] INFO  com.zaxxer.hikari.HikariDataSource - HikariPool-1 - Shutdown initiated...
2025-12-03 17:39:05.754 [SpringApplicationShutdownHook] INFO  com.zaxxer.hikari.HikariDataSource - HikariPool-1 - Shutdown completed.
