2025-11-26 20:31:26.169 [main] INFO  c.ling.TliasWebManagementApplication - Starting TliasWebManagementApplication using Java 23.0.2 with PID 24984 (D:\java_Project\web-ai-project01\tlias-web-management\target\classes started by Lenovo in D:\java_Project\web-ai-project01)
2025-11-26 20:31:26.170 [main] INFO  c.ling.TliasWebManagementApplication - No active profile set, falling back to 1 default profile: "default"
2025-11-26 20:31:26.747 [main] INFO  o.s.b.w.e.tomcat.TomcatWebServer - Tomcat initialized with port 8080 (http)
2025-11-26 20:31:26.757 [main] INFO  o.a.coyote.http11.Http11NioProtocol - Initializing ProtocolHandler ["http-nio-8080"]
2025-11-26 20:31:26.758 [main] INFO  o.a.catalina.core.StandardService - Starting service [Tomcat]
2025-11-26 20:31:26.759 [main] INFO  o.a.catalina.core.StandardEngine - Starting Servlet engine: [Apache Tomcat/10.1.49]
2025-11-26 20:31:26.792 [main] INFO  o.a.c.c.C.[Tomcat].[localhost].[/] - Initializing Spring embedded WebApplicationContext
2025-11-26 20:31:26.793 [main] INFO  o.s.b.w.s.c.ServletWebServerApplicationContext - Root WebApplicationContext: initialization completed in 590 ms
2025-11-26 20:31:27.139 [main] INFO  o.a.coyote.http11.Http11NioProtocol - Starting ProtocolHandler ["http-nio-8080"]
2025-11-26 20:31:27.151 [main] INFO  o.s.b.w.e.tomcat.TomcatWebServer - Tomcat started on port 8080 (http) with context path '/'
2025-11-26 20:31:27.156 [main] INFO  c.ling.TliasWebManagementApplication - Started TliasWebManagementApplication in 1.23 seconds (process running for 2.171)
2025-11-26 20:31:42.178 [http-nio-8080-exec-1] INFO  o.a.c.c.C.[Tomcat].[localhost].[/] - Initializing Spring DispatcherServlet 'dispatcherServlet'
2025-11-26 20:31:42.184 [http-nio-8080-exec-1] INFO  o.s.web.servlet.DispatcherServlet - Initializing Servlet 'dispatcherServlet'
2025-11-26 20:31:42.184 [http-nio-8080-exec-1] INFO  o.s.web.servlet.DispatcherServlet - Completed initialization in 0 ms
2025-11-26 20:31:42.233 [http-nio-8080-exec-1] INFO  com.ling.controller.DeptController - 查询全部部门数据
2025-11-26 20:31:42.257 [http-nio-8080-exec-1] INFO  com.zaxxer.hikari.HikariDataSource - HikariPool-1 - Starting...
2025-11-26 20:31:42.874 [http-nio-8080-exec-1] INFO  com.zaxxer.hikari.pool.HikariPool - HikariPool-1 - Added connection com.mysql.cj.jdbc.ConnectionImpl@40460f97
2025-11-26 20:31:42.881 [http-nio-8080-exec-1] INFO  com.zaxxer.hikari.HikariDataSource - HikariPool-1 - Start completed.
2025-11-26 21:20:01.059 [SpringApplicationShutdownHook] INFO  o.s.b.w.e.tomcat.GracefulShutdown - Commencing graceful shutdown. Waiting for active requests to complete
2025-11-26 21:20:01.071 [tomcat-shutdown] INFO  o.s.b.w.e.tomcat.GracefulShutdown - Graceful shutdown complete
2025-11-26 21:20:01.079 [SpringApplicationShutdownHook] INFO  com.zaxxer.hikari.HikariDataSource - HikariPool-1 - Shutdown initiated...
2025-11-26 21:20:01.084 [SpringApplicationShutdownHook] INFO  com.zaxxer.hikari.HikariDataSource - HikariPool-1 - Shutdown completed.
